#
# A fatal error has been detected by the Java Runtime Environment:
#
#  EXCEPTION_ACCESS_VIOLATION (0xc0000005) at pc=0x597f9ab1, pid=4284, tid=0x000023a4
#
# JRE version: Java(TM) SE Runtime Environment (8.0_144-b01) (build 1.8.0_144-b01)
# Java VM: Java HotSpot(TM) Client VM (25.144-b01 mixed mode windows-x86 )
# Problematic frame:
# C  [awt.dll+0xa9ab1]
#
# Failed to write core dump. Minidumps are not enabled by default on client versions of Windows
#
# If you would like to submit a bug report, please visit:
#   http://bugreport.java.com/bugreport/crash.jsp
# The crash happened outside the Java Virtual Machine in native code.
# See problematic frame for where to report the bug.
#

---------------  T H R E A D  ---------------

Current thread (0x28a71c00):  JavaThread "AWT-EventQueue-0" [_thread_in_native, id=9124, stack(0x29da0000,0x29df0000)]

siginfo: ExceptionCode=0xc0000005, reading address 0x00000004

Registers:
EAX=0x0000000d, EBX=0x39010f48, ECX=0x00000000, EDX=0x01586ec0
ESP=0x29dee048, EBP=0x76836910, ESI=0x2a9bb608, EDI=0x29074ed8
EIP=0x597f9ab1, EFLAGS=0x00010297

Top of Stack: (sp=0x29dee048)
0x29dee048:   5977e936 39010f48 29074ed8 28a71d40
0x29dee058:   29dee118 29dee5d0 597ab333 28a71d40
0x29dee068:   29074ed8 29dee5d0 597ab34a 00000001
0x29dee078:   00000000 00000000 5977bb85 28a71d40
0x29dee088:   29dee5d0 28a71c00 00000000 2a27c390
0x29dee098:   1fc63ee8 fffffffe 29dee0b0 28b3e708
0x29dee0a8:   29dee5d4 28a71d40 29dee118 599a55b5
0x29dee0b8:   28a71c00 00000006 00000004 28a71c00 

Instructions: (pc=0x597f9ab1)
0x597f9a91:   00 00 c3 8b 41 04 8b 80 0c 0c 00 00 c3 8b 01 83
0x597f9aa1:   78 04 08 7e 03 33 c0 c3 8b 49 04 e9 e4 eb fe ff
0x597f9ab1:   8b 49 04 85 c9 74 05 e9 f2 e9 fe ff 33 c0 c2 04
0x597f9ac1:   00 8b 49 04 85 c9 74 05 e9 07 ea fe ff c2 04 00 


Register to memory mapping:

EAX=0x0000000d is an unknown value
EBX=0x39010f48 is an unknown value
ECX=0x00000000 is an unknown value
EDX=0x01586ec0 is an unknown value
ESP=0x29dee048 is pointing into the stack for thread: 0x28a71c00
EBP=0x76836910 is an unknown value
ESI=0x2a9bb608 is an unknown value
EDI=0x29074ed8 is an unknown value


Stack: [0x29da0000,0x29df0000],  sp=0x29dee048,  free space=312k
Native frames: (J=compiled Java code, j=interpreted, Vv=VM code, C=native code)
C  [awt.dll+0xa9ab1]

Java frames: (J=compiled Java code, j=interpreted, Vv=VM code)
J 4556  sun.java2d.windows.GDIBlitLoops.nativeBlit(Lsun/java2d/SurfaceData;Lsun/java2d/SurfaceData;Lsun/java2d/pipe/Region;IIIIIIIIIZ)V (0 bytes) @ 0x0390d758 [0x0390d690+0xc8]
j  sun.java2d.windows.GDIBlitLoops.Blit(Lsun/java2d/SurfaceData;Lsun/java2d/SurfaceData;Ljava/awt/Composite;Lsun/java2d/pipe/Region;IIIIII)V+33
J 7107 C1 sun.java2d.pipe.DrawImage.blitSurfaceData(Lsun/java2d/SunGraphics2D;Lsun/java2d/pipe/Region;Lsun/java2d/SurfaceData;Lsun/java2d/SurfaceData;Lsun/java2d/loops/SurfaceType;Lsun/java2d/loops/SurfaceType;IIIIIILjava/awt/Color;)V (145 bytes) @ 0x039351c0 [0x03934fa0+0x220]
J 7106 C1 sun.java2d.pipe.DrawImage.renderImageCopy(Lsun/java2d/SunGraphics2D;Ljava/awt/Image;Ljava/awt/Color;IIIIII)Z (147 bytes) @ 0x03b9eb1c [0x03b9ea00+0x11c]
J 7104 C1 sun.java2d.pipe.DrawImage.copyImage(Lsun/java2d/SunGraphics2D;Ljava/awt/Image;IILjava/awt/Color;)Z (105 bytes) @ 0x037fcd30 [0x037fcb50+0x1e0]
J 7103 C1 sun.java2d.pipe.DrawImage.copyImage(Lsun/java2d/SunGraphics2D;Ljava/awt/Image;IILjava/awt/Color;Ljava/awt/image/ImageObserver;)Z (60 bytes) @ 0x03817368 [0x03817200+0x168]
j  sun.java2d.pipe.ValidatePipe.copyImage(Lsun/java2d/SunGraphics2D;Ljava/awt/Image;IILjava/awt/Color;Ljava/awt/image/ImageObserver;)Z+21
J 6944 C1 sun.java2d.SunGraphics2D.drawImage(Ljava/awt/Image;IILjava/awt/Color;Ljava/awt/image/ImageObserver;)Z (145 bytes) @ 0x03b7dc4c [0x03b7da50+0x1fc]
J 7094 C1 sun.java2d.SunGraphics2D.drawImage(Ljava/awt/Image;IILjava/awt/image/ImageObserver;)Z (11 bytes) @ 0x0380e840 [0x0380e800+0x40]
J 5442 C1 javax.swing.RepaintManager$PaintManager.paintDoubleBuffered(Ljavax/swing/JComponent;Ljava/awt/Image;Ljava/awt/Graphics;IIII)V (294 bytes) @ 0x03968488 [0x039682e0+0x1a8]
J 5478 C1 javax.swing.RepaintManager$PaintManager.paint(Ljavax/swing/JComponent;Ljavax/swing/JComponent;Ljava/awt/Graphics;IIII)Z (189 bytes) @ 0x039db04c [0x039dae10+0x23c]
J 5931 C1 javax.swing.RepaintManager.paint(Ljavax/swing/JComponent;Ljavax/swing/JComponent;Ljava/awt/Graphics;IIII)V (93 bytes) @ 0x0394a370 [0x0394a180+0x1f0]
J 5872 C1 javax.swing.JComponent.paint(Ljava/awt/Graphics;)V (409 bytes) @ 0x039165b4 [0x03916250+0x364]
j  java.awt.GraphicsCallback$PaintCallback.run(Ljava/awt/Component;Ljava/awt/Graphics;)V+2
j  sun.awt.SunGraphicsCallback.runOneComponent(Ljava/awt/Component;Ljava/awt/Rectangle;Ljava/awt/Graphics;Ljava/awt/Shape;I)V+155
j  sun.awt.SunGraphicsCallback.runComponents([Ljava/awt/Component;Ljava/awt/Graphics;I)V+194
j  java.awt.Container.paint(Ljava/awt/Graphics;)V+58
j  java.awt.Window.paint(Ljava/awt/Graphics;)V+68
j  javax.swing.RepaintManager$4.run()Ljava/lang/Void;+142
j  javax.swing.RepaintManager$4.run()Ljava/lang/Object;+1
v  ~StubRoutines::call_stub
J 1899  java.security.AccessController.doPrivileged(Ljava/security/PrivilegedAction;Ljava/security/AccessControlContext;)Ljava/lang/Object; (0 bytes) @ 0x03a920c7 [0x03a92060+0x67]
J 6707 C1 javax.swing.RepaintManager.paintDirtyRegions(Ljava/util/Map;)V (196 bytes) @ 0x0386ee3c [0x0386ea60+0x3dc]
j  javax.swing.RepaintManager.paintDirtyRegions()V+46
j  javax.swing.RepaintManager.prePaintDirtyRegions()V+73
j  javax.swing.RepaintManager.access$1200(Ljavax/swing/RepaintManager;)V+1
j  javax.swing.RepaintManager$ProcessingRunnable.run()V+37
J 6802 C1 java.awt.event.InvocationEvent.dispatch()V (69 bytes) @ 0x038741dc [0x038740f0+0xec]
J 2702 C1 java.awt.EventQueue.dispatchEventImpl(Ljava/awt/AWTEvent;Ljava/lang/Object;)V (149 bytes) @ 0x03ba124c [0x03ba0d90+0x4bc]
J 2287 C1 java.awt.EventQueue$3.run()Ljava/lang/Void; (60 bytes) @ 0x03b0d51c [0x03b0d4c0+0x5c]
J 2286 C1 java.awt.EventQueue$3.run()Ljava/lang/Object; (5 bytes) @ 0x03b0d2a0 [0x03b0d280+0x20]
v  ~StubRoutines::call_stub
J 1899  java.security.AccessController.doPrivileged(Ljava/security/PrivilegedAction;Ljava/security/AccessControlContext;)Ljava/lang/Object; (0 bytes) @ 0x03a920c7 [0x03a92060+0x67]
J 2281 C1 java.awt.EventQueue.dispatchEvent(Ljava/awt/AWTEvent;)V (80 bytes) @ 0x03b0bb08 [0x03b0b900+0x208]
J 2061 C1 java.awt.EventDispatchThread.pumpOneEventForFilters(I)V (295 bytes) @ 0x03aca850 [0x03aca1c0+0x690]
J 3267% C1 java.awt.EventDispatchThread.pumpEventsForFilter(ILjava/awt/Conditional;Ljava/awt/EventFilter;)V (47 bytes) @ 0x0392d7c0 [0x0392d700+0xc0]
j  java.awt.EventDispatchThread.pumpEventsForHierarchy(ILjava/awt/Conditional;Ljava/awt/Component;)V+11
j  java.awt.EventDispatchThread.pumpEvents(ILjava/awt/Conditional;)V+4
j  java.awt.EventDispatchThread.pumpEvents(Ljava/awt/Conditional;)V+3
j  java.awt.EventDispatchThread.run()V+9
v  ~StubRoutines::call_stub

---------------  P R O C E S S  ---------------

Java Threads: ( => current thread )
  0x29005800 JavaThread "JmDNS(DESKTOP-TH5200Q.local.).State.Timer" daemon [_thread_blocked, id=3716, stack(0x27fc0000,0x28010000)]
  0x29009c00 JavaThread "JmDNS(DESKTOP-TH5200Q.local.).Timer" daemon [_thread_blocked, id=18964, stack(0x279c0000,0x27a10000)]
  0x29009400 JavaThread "SocketListener(DESKTOP-TH5200Q.local.)" daemon [_thread_in_native, id=12420, stack(0x26130000,0x26180000)]
  0x29006800 JavaThread "JmDNS(DESKTOP-TH5200Q.local.).State.Timer" daemon [_thread_blocked, id=14420, stack(0x03340000,0x03390000)]
  0x29005000 JavaThread "JmDNS(DESKTOP-TH5200Q.local.).Timer" daemon [_thread_blocked, id=15276, stack(0x01240000,0x01290000)]
  0x2900b400 JavaThread "SocketListener(DESKTOP-TH5200Q.local.)" daemon [_thread_in_native, id=17884, stack(0x00fa0000,0x00ff0000)]
  0x29009000 JavaThread "DestroyJavaVM" [_thread_blocked, id=9740, stack(0x03590000,0x035e0000)]
  0x2900b000 JavaThread "TimerQueue" daemon [_thread_blocked, id=2372, stack(0x2a750000,0x2a7a0000)]
  0x28a71000 JavaThread "Batik CleanerThread" daemon [_thread_blocked, id=2956, stack(0x29fc0000,0x2a010000)]
=>0x28a71c00 JavaThread "AWT-EventQueue-0" [_thread_in_native, id=9124, stack(0x29da0000,0x29df0000)]
  0x28a72400 JavaThread "AWT-Shutdown" [_thread_blocked, id=14280, stack(0x29d10000,0x29d60000)]
  0x28a73c00 JavaThread "Timer-0" [_thread_blocked, id=17180, stack(0x29a80000,0x29ad0000)]
  0x28a45400 JavaThread "Multihomed mDNS.Timer" daemon [_thread_blocked, id=14324, stack(0x29500000,0x29550000)]
  0x28a2d400 JavaThread "cc.arduino.packages.discoverers.serial.SerialBoardsLister" [_thread_blocked, id=7648, stack(0x285b0000,0x28600000)]
  0x27563000 JavaThread "AWT-Windows" daemon [_thread_in_native, id=8152, stack(0x27a50000,0x27aa0000)]
  0x27561c00 JavaThread "Java2D Disposer" daemon [_thread_blocked, id=18528, stack(0x27930000,0x27980000)]
  0x261e9c00 JavaThread "Service Thread" daemon [_thread_blocked, id=19320, stack(0x27220000,0x27270000)]
  0x261c2400 JavaThread "C1 CompilerThread0" daemon [_thread_blocked, id=8932, stack(0x27190000,0x271e0000)]
  0x261c0800 JavaThread "Attach Listener" daemon [_thread_blocked, id=18300, stack(0x27000000,0x27050000)]
  0x261be800 JavaThread "Signal Dispatcher" daemon [_thread_blocked, id=9448, stack(0x26080000,0x260d0000)]
  0x261ac000 JavaThread "Finalizer" daemon [_thread_blocked, id=17248, stack(0x25fe0000,0x26030000)]
  0x26196000 JavaThread "Reference Handler" daemon [_thread_blocked, id=1396, stack(0x25f50000,0x25fa0000)]

Other Threads:
  0x034aec00 VMThread [stack: 0x05960000,0x059b0000] [id=18776]
  0x261ce800 WatcherThread [stack: 0x272b0000,0x27300000] [id=2292]

VM state:not at safepoint (normal execution)

VM Mutex/Monitor currently owned by a thread: None

Heap:
 def new generation   total 58880K, used 6816K [0x05a00000, 0x099e0000, 0x104a0000)
  eden space 52352K,   9% used [0x05a00000, 0x05eb8808, 0x08d20000)
  from space 6528K,  30% used [0x09380000, 0x0956f9e8, 0x099e0000)
  to   space 6528K,   0% used [0x08d20000, 0x08d20000, 0x09380000)
 tenured generation   total 130748K, used 86546K [0x104a0000, 0x1844f000, 0x25a00000)
   the space 130748K,  66% used [0x104a0000, 0x15924be0, 0x15924c00, 0x1844f000)
 Metaspace       used 19173K, capacity 19615K, committed 19840K, reserved 19840K

Card table byte_map: [0x05850000,0x05960000] byte_map_base: 0x05823000

Polling page: 0x03390000

CodeCache: size=32768Kb used=1960Kb max_used=5304Kb free=30807Kb
 bounds [0x03720000, 0x03c50000, 0x05720000]
 total_blobs=1177 nmethods=898 adapters=208
 compilation: enabled

Compilation events (10 events):
Event: 81322.285 Thread 0x261c2400 7574             org.fife.ui.rsyntaxtextarea.SyntaxView::paint (524 bytes)
Event: 81322.287 Thread 0x261c2400 nmethod 7574 0x03917f48 code [0x039181c0, 0x03918a88]
Event: 81322.560 Thread 0x261c2400 7575             java.util.LinkedList$ListItr::next (56 bytes)
Event: 81322.560 Thread 0x261c2400 nmethod 7575 0x03a057c8 code [0x03a058e0, 0x03a05a98]
Event: 81322.560 Thread 0x261c2400 7576             java.util.LinkedList$ListItr::checkForComodification (23 bytes)
Event: 81322.560 Thread 0x261c2400 nmethod 7576 0x0381d388 code [0x0381d490, 0x0381d56c]
Event: 81322.577 Thread 0x261c2400 7577             java.util.Collections$UnmodifiableCollection$1::hasNext (10 bytes)
Event: 81322.577 Thread 0x261c2400 nmethod 7577 0x03816688 code [0x03816790, 0x0381682c]
Event: 81322.577 Thread 0x261c2400 7578             java.util.Collections$UnmodifiableCollection$1::next (10 bytes)
Event: 81322.577 Thread 0x261c2400 nmethod 7578 0x03845c08 code [0x03845d10, 0x03845dac]

GC Heap History (10 events):
Event: 10992.212 GC heap before
{Heap before GC invocations=25 (full 1):
 def new generation   total 39424K, used 37053K [0x05a00000, 0x084c0000, 0x104a0000)
  eden space 35072K, 100% used [0x05a00000, 0x07c40000, 0x07c40000)
  from space 4352K,  45% used [0x07c40000, 0x07e2f658, 0x08080000)
  to   space 4352K,   0% used [0x08080000, 0x08080000, 0x084c0000)
 tenured generation   total 87424K, used 80568K [0x104a0000, 0x15a00000, 0x25a00000)
   the space 87424K,  92% used [0x104a0000, 0x1534e218, 0x1534e400, 0x15a00000)
 Metaspace       used 19268K, capacity 19758K, committed 19840K, reserved 19840K
Event: 10992.215 GC heap after
Heap after GC invocations=26 (full 1):
 def new generation   total 39424K, used 1970K [0x05a00000, 0x084c0000, 0x104a0000)
  eden space 35072K,   0% used [0x05a00000, 0x05a00000, 0x07c40000)
  from space 4352K,  45% used [0x08080000, 0x0826cb40, 0x084c0000)
  to   space 4352K,   0% used [0x07c40000, 0x07c40000, 0x08080000)
 tenured generation   total 87424K, used 80568K [0x104a0000, 0x15a00000, 0x25a00000)
   the space 87424K,  92% used [0x104a0000, 0x1534e218, 0x1534e400, 0x15a00000)
 Metaspace       used 19268K, capacity 19758K, committed 19840K, reserved 19840K
}
Event: 12024.536 GC heap before
{Heap before GC invocations=26 (full 1):
 def new generation   total 39424K, used 37042K [0x05a00000, 0x084c0000, 0x104a0000)
  eden space 35072K, 100% used [0x05a00000, 0x07c40000, 0x07c40000)
  from space 4352K,  45% used [0x08080000, 0x0826cb40, 0x084c0000)
  to   space 4352K,   0% used [0x07c40000, 0x07c40000, 0x08080000)
 tenured generation   total 87424K, used 80568K [0x104a0000, 0x15a00000, 0x25a00000)
   the space 87424K,  92% used [0x104a0000, 0x1534e218, 0x1534e400, 0x15a00000)
 Metaspace       used 19268K, capacity 19758K, committed 19840K, reserved 19840K
Event: 12024.538 GC heap after
Heap after GC invocations=27 (full 1):
 def new generation   total 39424K, used 2013K [0x05a00000, 0x084c0000, 0x104a0000)
  eden space 35072K,   0% used [0x05a00000, 0x05a00000, 0x07c40000)
  from space 4352K,  46% used [0x07c40000, 0x07e37788, 0x08080000)
  to   space 4352K,   0% used [0x08080000, 0x08080000, 0x084c0000)
 tenured generation   total 87424K, used 80568K [0x104a0000, 0x15a00000, 0x25a00000)
   the space 87424K,  92% used [0x104a0000, 0x1534e218, 0x1534e400, 0x15a00000)
 Metaspace       used 19268K, capacity 19758K, committed 19840K, reserved 19840K
}
Event: 12027.097 GC heap before
{Heap before GC invocations=27 (full 1):
 def new generation   total 39424K, used 37085K [0x05a00000, 0x084c0000, 0x104a0000)
  eden space 35072K, 100% used [0x05a00000, 0x07c40000, 0x07c40000)
  from space 4352K,  46% used [0x07c40000, 0x07e37788, 0x08080000)
  to   space 4352K,   0% used [0x08080000, 0x08080000, 0x084c0000)
 tenured generation   total 87424K, used 80568K [0x104a0000, 0x15a00000, 0x25a00000)
   the space 87424K,  92% used [0x104a0000, 0x1534e218, 0x1534e400, 0x15a00000)
 Metaspace       used 19268K, capacity 19758K, committed 19840K, reserved 19840K
Event: 12027.099 GC heap after
Heap after GC invocations=28 (full 1):
 def new generation   total 39424K, used 1578K [0x05a00000, 0x084c0000, 0x104a0000)
  eden space 35072K,   0% used [0x05a00000, 0x05a00000, 0x07c40000)
  from space 4352K,  36% used [0x08080000, 0x0820aaa8, 0x084c0000)
  to   space 4352K,   0% used [0x07c40000, 0x07c40000, 0x08080000)
 tenured generation   total 87424K, used 80568K [0x104a0000, 0x15a00000, 0x25a00000)
   the space 87424K,  92% used [0x104a0000, 0x1534e218, 0x1534e400, 0x15a00000)
 Metaspace       used 19268K, capacity 19758K, committed 19840K, reserved 19840K
}
Event: 79196.964 GC heap before
{Heap before GC invocations=28 (full 1):
 def new generation   total 39424K, used 36490K [0x05a00000, 0x084c0000, 0x104a0000)
  eden space 35072K,  99% used [0x05a00000, 0x07c18058, 0x07c40000)
  from space 4352K,  36% used [0x08080000, 0x0820aaa8, 0x084c0000)
  to   space 4352K,   0% used [0x07c40000, 0x07c40000, 0x08080000)
 tenured generation   total 87424K, used 80568K [0x104a0000, 0x15a00000, 0x25a00000)
   the space 87424K,  92% used [0x104a0000, 0x1534e218, 0x1534e400, 0x15a00000)
 Metaspace       used 19283K, capacity 19760K, committed 19840K, reserved 19840K
Event: 79197.137 GC heap after
Heap after GC invocations=29 (full 2):
 def new generation   total 58880K, used 0K [0x05a00000, 0x099e0000, 0x104a0000)
  eden space 52352K,   0% used [0x05a00000, 0x05a00000, 0x08d20000)
  from space 6528K,   0% used [0x08d20000, 0x08d20000, 0x09380000)
  to   space 6528K,   0% used [0x09380000, 0x09380000, 0x099e0000)
 tenured generation   total 130748K, used 78446K [0x104a0000, 0x1844f000, 0x25a00000)
   the space 130748K,  59% used [0x104a0000, 0x1513bbd0, 0x1513bc00, 0x1844f000)
 Metaspace       used 19173K, capacity 19615K, committed 19840K, reserved 19840K
}
Event: 81173.263 GC heap before
{Heap before GC invocations=29 (full 2):
 def new generation   total 58880K, used 52352K [0x05a00000, 0x099e0000, 0x104a0000)
  eden space 52352K, 100% used [0x05a00000, 0x08d20000, 0x08d20000)
  from space 6528K,   0% used [0x08d20000, 0x08d20000, 0x09380000)
  to   space 6528K,   0% used [0x09380000, 0x09380000, 0x099e0000)
 tenured generation   total 130748K, used 78446K [0x104a0000, 0x1844f000, 0x25a00000)
   the space 130748K,  59% used [0x104a0000, 0x1513bbd0, 0x1513bc00, 0x1844f000)
 Metaspace       used 19173K, capacity 19615K, committed 19840K, reserved 19840K
Event: 81173.273 GC heap after
Heap after GC invocations=30 (full 2):
 def new generation   total 58880K, used 1982K [0x05a00000, 0x099e0000, 0x104a0000)
  eden space 52352K,   0% used [0x05a00000, 0x05a00000, 0x08d20000)
  from space 6528K,  30% used [0x09380000, 0x0956f9e8, 0x099e0000)
  to   space 6528K,   0% used [0x08d20000, 0x08d20000, 0x09380000)
 tenured generation   total 130748K, used 86546K [0x104a0000, 0x1844f000, 0x25a00000)
   the space 130748K,  66% used [0x104a0000, 0x15924be0, 0x15924c00, 0x1844f000)
 Metaspace       used 19173K, capacity 19615K, committed 19840K, reserved 19840K
}

Deoptimization events (0 events):
No events

Internal exceptions (10 events):
Event: 7296.963 Thread 0x2900a000 Exception <a 'sun/nio/fs/WindowsException'> (0x06714f40) thrown at [C:\workspace\8-2-build-windows-i586-cygwin\jdk8u144\9417\hotspot\src\share\vm\prims\jni.cpp, line 709]
Event: 7296.964 Thread 0x2900a000 Exception <a 'sun/nio/fs/WindowsException'> (0x0671b420) thrown at [C:\workspace\8-2-build-windows-i586-cygwin\jdk8u144\9417\hotspot\src\share\vm\prims\jni.cpp, line 709]
Event: 7296.964 Thread 0x2900a000 Exception <a 'sun/nio/fs/WindowsException'> (0x0671ba90) thrown at [C:\workspace\8-2-build-windows-i586-cygwin\jdk8u144\9417\hotspot\src\share\vm\prims\jni.cpp, line 709]
Event: 7296.965 Thread 0x2900a000 Exception <a 'sun/nio/fs/WindowsException'> (0x06729d10) thrown at [C:\workspace\8-2-build-windows-i586-cygwin\jdk8u144\9417\hotspot\src\share\vm\prims\jni.cpp, line 709]
Event: 7296.965 Thread 0x2900a000 Exception <a 'sun/nio/fs/WindowsException'> (0x0672a308) thrown at [C:\workspace\8-2-build-windows-i586-cygwin\jdk8u144\9417\hotspot\src\share\vm\prims\jni.cpp, line 709]
Event: 7296.966 Thread 0x2900a000 Exception <a 'sun/nio/fs/WindowsException'> (0x06730228) thrown at [C:\workspace\8-2-build-windows-i586-cygwin\jdk8u144\9417\hotspot\src\share\vm\prims\jni.cpp, line 709]
Event: 7296.966 Thread 0x2900a000 Exception <a 'sun/nio/fs/WindowsException'> (0x067348b8) thrown at [C:\workspace\8-2-build-windows-i586-cygwin\jdk8u144\9417\hotspot\src\share\vm\prims\jni.cpp, line 709]
Event: 7296.967 Thread 0x2900a000 Exception <a 'sun/nio/fs/WindowsException'> (0x06742ce8) thrown at [C:\workspace\8-2-build-windows-i586-cygwin\jdk8u144\9417\hotspot\src\share\vm\prims\jni.cpp, line 709]
Event: 7296.967 Thread 0x2900a000 Exception <a 'sun/nio/fs/WindowsException'> (0x06743250) thrown at [C:\workspace\8-2-build-windows-i586-cygwin\jdk8u144\9417\hotspot\src\share\vm\prims\jni.cpp, line 709]
Event: 79151.659 Thread 0x28a72800 Exception <a 'java/net/SocketException': socket closed> (0x0673c938) thrown at [C:\workspace\8-2-build-windows-i586-cygwin\jdk8u144\9417\hotspot\src\share\vm\prims\jni.cpp, line 735]

Events (10 events):
Event: 81276.595 Executing VM operation: RevokeBias
Event: 81276.595 Executing VM operation: RevokeBias done
Event: 81276.595 Executing VM operation: RevokeBias
Event: 81276.596 Executing VM operation: RevokeBias done
Event: 81287.219 Thread 0x261c2400 flushing nmethod 0x037eb788
Event: 81287.219 Thread 0x261c2400 flushing nmethod 0x03802ac8
Event: 81287.219 Thread 0x261c2400 flushing nmethod 0x03802cc8
Event: 81287.220 Thread 0x261c2400 flushing nmethod 0x038177c8
Event: 81317.666 Executing VM operation: RevokeBias
Event: 81317.666 Executing VM operation: RevokeBias done


Dynamic libraries:
0x011c0000 - 0x011f3000 	C:\Program Files (x86)\Arduino\java\bin\javaw.exe
0x77600000 - 0x77790000 	C:\WINDOWS\SYSTEM32\ntdll.dll
0x76150000 - 0x76230000 	C:\WINDOWS\System32\KERNEL32.DLL
0x73ee0000 - 0x740c3000 	C:\WINDOWS\System32\KERNELBASE.dll
0x76710000 - 0x76788000 	C:\WINDOWS\System32\ADVAPI32.dll
0x76c80000 - 0x76d3f000 	C:\WINDOWS\System32\msvcrt.dll
0x774c0000 - 0x77504000 	C:\WINDOWS\System32\sechost.dll
0x763b0000 - 0x76470000 	C:\WINDOWS\System32\RPCRT4.dll
0x73ec0000 - 0x73ee0000 	C:\WINDOWS\System32\SspiCli.dll
0x73eb0000 - 0x73eba000 	C:\WINDOWS\System32\CRYPTBASE.dll
0x75950000 - 0x759a8000 	C:\WINDOWS\System32\bcryptPrimitives.dll
0x76470000 - 0x765fd000 	C:\WINDOWS\System32\USER32.dll
0x76c60000 - 0x76c77000 	C:\WINDOWS\System32\win32u.dll
0x76830000 - 0x76852000 	C:\WINDOWS\System32\GDI32.dll
0x76d40000 - 0x76ea4000 	C:\WINDOWS\System32\gdi32full.dll
0x754b0000 - 0x7552d000 	C:\WINDOWS\System32\msvcp_win.dll
0x76860000 - 0x7697e000 	C:\WINDOWS\System32\ucrtbase.dll
0x6e2a0000 - 0x6e4a4000 	C:\WINDOWS\WinSxS\x86_microsoft.windows.common-controls_6595b64144ccf1df_6.0.17134.48_none_fc5f584151310644\COMCTL32.dll
0x75530000 - 0x7578c000 	C:\WINDOWS\System32\combase.dll
0x75840000 - 0x75866000 	C:\WINDOWS\System32\IMM32.DLL
0x73da0000 - 0x73e49000 	C:\WINDOWS\System32\tmumh\20019\AddOn\7.30.0.1099\TmUmEvt.dll
0x76820000 - 0x76826000 	C:\WINDOWS\System32\PSAPI.DLL
0x76600000 - 0x76645000 	C:\WINDOWS\System32\SHLWAPI.dll
0x73c60000 - 0x73d9b000 	C:\WINDOWS\System32\tmumh\20019\TmMon\2.6.0.2027\tmmon.dll
0x59c70000 - 0x59d2f000 	C:\Program Files (x86)\Arduino\java\bin\msvcr100.dll
0x598a0000 - 0x59c6e000 	C:\Program Files (x86)\Arduino\java\bin\client\jvm.dll
0x734d0000 - 0x734d8000 	C:\WINDOWS\SYSTEM32\WSOCK32.dll
0x76eb0000 - 0x76f17000 	C:\WINDOWS\System32\WS2_32.dll
0x6e4b0000 - 0x6e4d4000 	C:\WINDOWS\SYSTEM32\WINMM.dll
0x73bd0000 - 0x73bd8000 	C:\WINDOWS\SYSTEM32\VERSION.dll
0x6df20000 - 0x6df43000 	C:\WINDOWS\SYSTEM32\WINMMBASE.dll
0x76b80000 - 0x76bb9000 	C:\WINDOWS\System32\cfgmgr32.dll
0x5a730000 - 0x5a760000 	C:\Program Files (x86)\Arduino\java\bin\splashscreen.dll
0x6a250000 - 0x6a2cc000 	C:\WINDOWS\system32\uxtheme.dll
0x5e040000 - 0x5e04c000 	C:\Program Files (x86)\Arduino\java\bin\verify.dll
0x5a700000 - 0x5a721000 	C:\Program Files (x86)\Arduino\java\bin\java.dll
0x77370000 - 0x774b4000 	C:\WINDOWS\System32\MSCTF.dll
0x76650000 - 0x766e6000 	C:\WINDOWS\System32\OLEAUT32.dll
0x6b260000 - 0x6b423000 	C:\Program Files\NVIDIA Corporation\nview\nViewH.dll
0x740d0000 - 0x7541a000 	C:\WINDOWS\System32\SHELL32.dll
0x76bc0000 - 0x76c49000 	C:\WINDOWS\System32\shcore.dll
0x75a10000 - 0x75fca000 	C:\WINDOWS\System32\windows.storage.dll
0x77360000 - 0x7736f000 	C:\WINDOWS\System32\kernel.appcore.dll
0x76130000 - 0x76148000 	C:\WINDOWS\System32\profapi.dll
0x75790000 - 0x757d5000 	C:\WINDOWS\System32\powrprof.dll
0x76230000 - 0x76238000 	C:\WINDOWS\System32\FLTLIB.DLL
0x75fd0000 - 0x760cc000 	C:\WINDOWS\System32\ole32.dll
0x6e270000 - 0x6e293000 	C:\WINDOWS\SYSTEM32\dwmapi.dll
0x5e000000 - 0x5e013000 	C:\Program Files (x86)\Arduino\java\bin\zip.dll
0x6ddd0000 - 0x6ddf9000 	C:\WINDOWS\SYSTEM32\ntmarta.dll
0x65a30000 - 0x65ad9000 	C:\Program Files (x86)\Dell\Dell Data Protection\Authentication\Bin\DpoFeedb.dll
0x736d0000 - 0x736f1000 	C:\WINDOWS\SYSTEM32\USERENV.dll
0x6df70000 - 0x6dfee000 	C:\WINDOWS\System32\TextInputFramework.dll
0x69ff0000 - 0x6a24d000 	C:\WINDOWS\System32\CoreUIComponents.dll
0x6bb80000 - 0x6bc0b000 	C:\WINDOWS\System32\CoreMessaging.dll
0x6b180000 - 0x6b256000 	C:\WINDOWS\SYSTEM32\wintypes.dll
0x61940000 - 0x619b2000 	C:\Program Files (x86)\Arduino\lib\listSerialsj.dll
0x76f30000 - 0x7735b000 	C:\WINDOWS\System32\SETUPAPI.dll
0x5de20000 - 0x5de3d000 	C:\Program Files (x86)\Arduino\lib\jnidispatch-4.2.2-win32-x86.dll
0x5d7e0000 - 0x5d7f6000 	C:\Program Files (x86)\Arduino\java\bin\net.dll
0x6f040000 - 0x6f096000 	C:\WINDOWS\system32\mswsock.dll
0x5d7a0000 - 0x5d7af000 	C:\Program Files (x86)\Arduino\java\bin\nio.dll
0x59750000 - 0x59895000 	C:\Program Files (x86)\Arduino\java\bin\awt.dll
0x6dff0000 - 0x6e08d000 	C:\WINDOWS\SYSTEM32\apphelp.dll
0x59710000 - 0x59749000 	C:\Program Files (x86)\Arduino\java\bin\fontmanager.dll
0x59630000 - 0x59709000 	C:\WINDOWS\system32\opengl32.dll
0x595f0000 - 0x5962f000 	C:\WINDOWS\SYSTEM32\GLU32.dll
0x595b0000 - 0x595e2000 	C:\Program Files (x86)\Arduino\java\bin\t2k.dll
0x6b820000 - 0x6b842000 	C:\WINDOWS\SYSTEM32\DEVOBJ.dll
0x76980000 - 0x769c7000 	C:\WINDOWS\System32\WINTRUST.dll
0x76f20000 - 0x76f2e000 	C:\WINDOWS\System32\MSASN1.dll
0x769d0000 - 0x76b66000 	C:\WINDOWS\System32\CRYPT32.dll
0x6e620000 - 0x6e650000 	C:\WINDOWS\SYSTEM32\IPHLPAPI.DLL
0x76c50000 - 0x76c57000 	C:\WINDOWS\System32\NSI.dll
0x6e4e0000 - 0x6e4f3000 	C:\WINDOWS\SYSTEM32\dhcpcsvc6.DLL
0x6df50000 - 0x6df64000 	C:\WINDOWS\SYSTEM32\dhcpcsvc.DLL
0x6e650000 - 0x6e6de000 	C:\WINDOWS\SYSTEM32\DNSAPI.dll
0x6e5e0000 - 0x6e5e8000 	C:\Windows\System32\rasadhlp.dll
0x6e590000 - 0x6e5df000 	C:\WINDOWS\System32\fwpuclnt.dll
0x704d0000 - 0x704e9000 	C:\WINDOWS\SYSTEM32\bcrypt.dll
0x59540000 - 0x595a9000 	C:\Program Files (x86)\Arduino\msvcp100.dll
0x59480000 - 0x5953e000 	C:\Program Files (x86)\Arduino\msvcr100.dll
0x29df0000 - 0x29e22000 	C:\Program Files (x86)\Arduino\lib\AStylej.dll
0x59450000 - 0x59474000 	C:\Program Files (x86)\Arduino\java\bin\dcpr.dll
0x76790000 - 0x76813000 	C:\WINDOWS\System32\clbcatq.dll
0x5b4a0000 - 0x5b611000 	C:\WINDOWS\SYSTEM32\WindowsCodecs.dll
0x5d9f0000 - 0x5da3f000 	C:\WINDOWS\system32\dataexchange.dll
0x5d530000 - 0x5d782000 	C:\WINDOWS\system32\d3d11.dll
0x5d8b0000 - 0x5d9ec000 	C:\WINDOWS\system32\dcomp.dll
0x6e1d0000 - 0x6e268000 	C:\WINDOWS\system32\dxgi.dll
0x5f010000 - 0x5f175000 	C:\WINDOWS\system32\twinapi.appcore.dll
0x5ef60000 - 0x5ef7a000 	C:\WINDOWS\system32\RMCLIENT.dll
0x70520000 - 0x70533000 	C:\WINDOWS\SYSTEM32\CRYPTSP.dll
0x704f0000 - 0x7051f000 	C:\WINDOWS\system32\rsaenh.dll
0x64000000 - 0x6401b000 	C:\Program Files (x86)\Arduino\lib\jSSC-2.8_x86.dll
0x6eeb0000 - 0x6f032000 	C:\WINDOWS\SYSTEM32\dbghelp.dll

VM Arguments:
jvm_args: -Dsun.java2d.d3d=false -Djna.nosys=true -Djna.nounpack=true -Djna.boot.library.name=jnidispatch-4.2.2-win32-x86 -Djna.boot.library.path=C:\Program Files (x86)\Arduino/lib -Djssc.library.path=C:\Program Files (x86)\Arduino/lib -DAPP_DIR=C:\Program Files (x86)\Arduino -Xms128M -Xmx512M 
java_command: processing.app.Base C:\Users\Jkelly\Downloads\RB-BF1.1.x-Marlin-ALL-5-31-18\Marlin\Marlin.ino
java_class_path (initial): C:\Program Files (x86)\Arduino\lib\apple.jar;C:\Program Files (x86)\Arduino\lib\arduino-core.jar;C:\Program Files (x86)\Arduino\lib\batik-1.8.jar;C:\Program Files (x86)\Arduino\lib\batik-anim-1.8.jar;C:\Program Files (x86)\Arduino\lib\batik-awt-util-1.8.jar;C:\Program Files (x86)\Arduino\lib\batik-bridge-1.8.jar;C:\Program Files (x86)\Arduino\lib\batik-codec-1.8.jar;C:\Program Files (x86)\Arduino\lib\batik-css-1.8.jar;C:\Program Files (x86)\Arduino\lib\batik-dom-1.8.jar;C:\Program Files (x86)\Arduino\lib\batik-ext-1.8.jar;C:\Program Files (x86)\Arduino\lib\batik-gvt-1.8.jar;C:\Program Files (x86)\Arduino\lib\batik-parser-1.8.jar;C:\Program Files (x86)\Arduino\lib\batik-rasterizer-1.8.jar;C:\Program Files (x86)\Arduino\lib\batik-script-1.8.jar;C:\Program Files (x86)\Arduino\lib\batik-squiggle-1.8.jar;C:\Program Files (x86)\Arduino\lib\batik-svg-dom-1.8.jar;C:\Program Files (x86)\Arduino\lib\batik-svgpp-1.8.jar;C:\Program Files (x86)\Arduino\lib\batik-transcoder-1.8.jar;C:\Program Files (x86)\Arduino\lib\batik-util-1.8.jar;C:\Program Files (x86)\Arduino\lib\batik-xml-1.8.jar;C:\Program Files (x86)\Arduino\lib\bcpg-jdk15on-152.jar;C:\Program Files (x86)\Arduino\lib\bcprov-jdk15on-152.jar;C:\Program Files (x86)\Arduino\lib\commons-codec-1.7.jar;C:\Program Files (x86)\Arduino\lib\commons-compress-1.8.jar;C:\Program Files (x86)\Arduino\lib\commons-exec-1.1.jar;C:\Program Files (x86)\Arduino\lib\commons-httpclient-3.1.jar;C:\Program Files (x86)\Arduino\lib\commons-lang3-3.3.2.jar;C:\Program Files (x86)\Arduino\lib\commons-logging-1.0.4.jar;C:\Program Files (x86)\Arduino\lib\commons-net-3.3.jar;C:\Program Files (x86)\Arduino\lib\jackson-annotations-2.6.3.jar;C:\Program Files (x86)\Arduino\lib\jackson-core-2.6.3.jar;C:\Program Files (x86)\Arduino\lib\jackson-databind-2.6.3.jar;C:\Program Files (x86)\Arduino\lib\jackson-module-mrbean-2.6.3.jar;C:\Program Files (x86)\Arduino\lib\java-semver-0.8.0.jar;C:\Program Files (x86)\Arduino\lib\jmdns-3.5.1.j
Launcher Type: SUN_STANDARD

Environment Variables:
PATH=C:\Program Files (x86)\NVIDIA Corporation\PhysX\Common;C:\ProgramData\Oracle\Java\javapath;C:\Program Files (x86)\Intel\iCLS Client\;C:\Program Files\Intel\iCLS Client\;C:\Windows\system32;C:\Windows;C:\Windows\System32\Wbem;C:\Windows\System32\WindowsPowerShell\v1.0\;C:\Program Files (x86)\Intel\Intel(R) Management Engine Components\DAL;C:\Program Files\Intel\Intel(R) Management Engine Components\DAL;C:\Program Files (x86)\Intel\Intel(R) Management Engine Components\IPT;C:\Program Files\Intel\Intel(R) Management Engine Components\IPT;C:\Program Files\Dell\Dell Data Protection\Drivers\TSS\bin\;C:\Program Files (x86)\Skype\Phone\;C:\Program Files (x86)\Windows Kits\8.1\Windows Performance Toolkit\;C:\Program Files (x86)\IVI Foundation\VISA\WinNT\Bin\;C:\Program Files\IVI Foundation\VISA\Win64\Bin\;C:\Program Files (x86)\IVI Foundation\VISA\WinNT\Bin;C:\Program Files (x86)\IVI Foundation\IVI\bin;C:\Program Files\IVI Foundation\IVI\bin;C:\Program Files\Git\cmd;C:\Program Files\PuTTY\;C:\Program Files\Microsoft S;%SystemRoot%\system32;%SystemRoot%;%SystemRoot%\System32\Wbem;%SYSTEMROOT%\System32\WindowsPowerShell\v1.0\;%SYSTEMROOT%\System32\OpenSSH\;C:\Users\Jkelly\AppData\Local\Microsoft\WindowsApps;;C:\Users\Jkelly\AppData\Local\Programs\Fiddler;%USERPROFILE%\AppData\Local\Microsoft\WindowsApps;C:\Program Files (x86)\Arduino\java\bin
USERNAME=Jkelly
OS=Windows_NT
PROCESSOR_IDENTIFIER=Intel64 Family 6 Model 158 Stepping 9, GenuineIntel



---------------  S Y S T E M  ---------------

OS: Windows 10.0 , 64 bit Build 17134 (10.0.17134.1)

CPU:total 8 (initial active 8) (4 cores per cpu, 2 threads per core) family 6 model 158 stepping 9, cmov, cx8, fxsr, mmx, sse, sse2, sse3, ssse3, sse4.1, sse4.2, popcnt, avx, avx2, aes, clmul, erms, rtm, 3dnowpref, lzcnt, ht, tsc, tscinvbit, bmi1, bmi2, adx

Memory: 4k page, physical 16623116k(10883204k free), swap 19113484k(10629764k free)

vm_info: Java HotSpot(TM) Client VM (25.144-b01) for windows-x86 JRE (1.8.0_144-b01), built on Jul 21 2017 21:58:05 by "java_re" with MS VC++ 10.0 (VS2010)

time: Wed Jun 06 08:24:14 2018
elapsed time: 81322 seconds (0d 22h 35m 22s)

